# JRE version: OpenJDK Runtime Environment Temurin-21.0.10+7 (21.0.10+7) (build 21.0.10+7-LTS)
# Java VM: OpenJDK 64-Bit Server VM Temurin-21.0.10+7 (21.0.10+7-LTS, mixed mode, sharing, tiered, compressed oops, compressed class ptrs, parallel gc, windows-amd64)
GC Precious Log:
 CardTable entry size: 512
 CPUs: 8 total, 8 available
 Memory: 7932M
 Large Page Support: Disabled
 NUMA Support: Disabled
 Compressed Oops: Enabled (32-bit)
 Alignments: Space 512K, Generation 512K, Heap 2M
 Heap Min Capacity: 100M
 Heap Initial Capacity: 100M
 Heap Max Capacity: 2G
 Pre-touch: Disabled
 Parallel Workers: 8
Heap:
 PSYoungGen      total 14336K, used 3543K [0x00000000d5580000, 0x00000000d6e00000, 0x0000000100000000)
  eden space 13312K, 19% used [0x00000000d5580000,0x00000000d57fb4f8,0x00000000d6280000)
  from space 1024K, 97% used [0x00000000d6700000,0x00000000d67fa8f8,0x00000000d6800000)
  to   space 4608K, 0% used [0x00000000d6280000,0x00000000d6280000,0x00000000d6700000)
 ParOldGen       total 117248K, used 117130K [0x0000000080000000, 0x0000000087280000, 0x00000000d5580000)
  object space 117248K, 99% used [0x0000000080000000,0x0000000087262bd8,0x0000000087280000)
 Metaspace       used 71018K, committed 72512K, reserved 1114112K
  class space    used 8180K, committed 8832K, reserved 1048576K
GC Heap History (20 events):
Event: 969.483 GC heap before
{Heap before GC invocations=100 (full 3):
 PSYoungGen      total 16896K, used 16896K [0x00000000d5580000, 0x00000000d6e80000, 0x0000000100000000)
  eden space 15872K, 100% used [0x00000000d5580000,0x00000000d6500000,0x00000000d6500000)
  from space 1024K, 100% used [0x00000000d6880000,0x00000000d6980000,0x00000000d6980000)
  to   space 3584K, 0% used [0x00000000d6500000,0x00000000d6500000,0x00000000d6880000)
 ParOldGen       total 109568K, used 109512K [0x0000000080000000, 0x0000000086b00000, 0x00000000d5580000)
  object space 109568K, 99% used [0x0000000080000000,0x0000000086af2060,0x0000000086b00000)
 Metaspace       used 63131K, committed 64576K, reserved 1114112K
  class space    used 7372K, committed 8000K, reserved 1048576K
}
Event: 969.486 GC heap after
{Heap after GC invocations=100 (full 3):
 PSYoungGen      total 16384K, used 352K [0x00000000d5580000, 0x00000000d6900000, 0x0000000100000000)
  eden space 15872K, 0% used [0x00000000d5580000,0x00000000d5580000,0x00000000d6500000)
  from space 512K, 68% used [0x00000000d6500000,0x00000000d6558000,0x00000000d6580000)
  to   space 1536K, 0% used [0x00000000d6780000,0x00000000d6780000,0x00000000d6900000)
 ParOldGen       total 110592K, used 110496K [0x0000000080000000, 0x0000000086c00000, 0x00000000d5580000)
  object space 110592K, 99% used [0x0000000080000000,0x0000000086be8060,0x0000000086c00000)
 Metaspace       used 63131K, committed 64576K, reserved 1114112K
  class space    used 7372K, committed 8000K, reserved 1048576K
}
Event: 969.673 GC heap before
{Heap before GC invocations=101 (full 3):
 PSYoungGen      total 16384K, used 16224K [0x00000000d5580000, 0x00000000d6900000, 0x0000000100000000)
  eden space 15872K, 100% used [0x00000000d5580000,0x00000000d6500000,0x00000000d6500000)
  from space 512K, 68% used [0x00000000d6500000,0x00000000d6558000,0x00000000d6580000)
  to   space 1536K, 0% used [0x00000000d6780000,0x00000000d6780000,0x00000000d6900000)
 ParOldGen       total 110592K, used 110496K [0x0000000080000000, 0x0000000086c00000, 0x00000000d5580000)
  object space 110592K, 99% used [0x0000000080000000,0x0000000086be8060,0x0000000086c00000)
 Metaspace       used 63131K, committed 64576K, reserved 1114112K
  class space    used 7372K, committed 8000K, reserved 1048576K
}
Event: 969.675 GC heap after
{Heap after GC invocations=101 (full 3):
 PSYoungGen      total 16384K, used 352K [0x00000000d5580000, 0x00000000d6800000, 0x0000000100000000)
  eden space 15872K, 0% used [0x00000000d5580000,0x00000000d5580000,0x00000000d6500000)
  from space 512K, 68% used [0x00000000d6780000,0x00000000d67d8000,0x00000000d6800000)
  to   space 512K, 0% used [0x00000000d6500000,0x00000000d6500000,0x00000000d6580000)
 ParOldGen       total 111104K, used 110608K [0x0000000080000000, 0x0000000086c80000, 0x00000000d5580000)
  object space 111104K, 99% used [0x0000000080000000,0x0000000086c04060,0x0000000086c80000)
 Metaspace       used 63131K, committed 64576K, reserved 1114112K
  class space    used 7372K, committed 8000K, reserved 1048576K
}
Event: 4040.490 GC heap before
{Heap before GC invocations=102 (full 3):
 PSYoungGen      total 16384K, used 16224K [0x00000000d5580000, 0x00000000d6800000, 0x0000000100000000)
  eden space 15872K, 100% used [0x00000000d5580000,0x00000000d6500000,0x00000000d6500000)
  from space 512K, 68% used [0x00000000d6780000,0x00000000d67d8000,0x00000000d6800000)
  to   space 512K, 0% used [0x00000000d6500000,0x00000000d6500000,0x00000000d6580000)
 ParOldGen       total 111104K, used 110608K [0x0000000080000000, 0x0000000086c80000, 0x00000000d5580000)
  object space 111104K, 99% used [0x0000000080000000,0x0000000086c04060,0x0000000086c80000)
 Metaspace       used 64298K, committed 65792K, reserved 1114112K
  class space    used 7517K, committed 8192K, reserved 1048576K
}
Event: 4040.543 GC heap after
{Heap after GC invocations=102 (full 3):
 PSYoungGen      total 16384K, used 505K [0x00000000d5580000, 0x00000000d6800000, 0x0000000100000000)
  eden space 15872K, 0% used [0x00000000d5580000,0x00000000d5580000,0x00000000d6500000)
  from space 512K, 98% used [0x00000000d6500000,0x00000000d657e470,0x00000000d6580000)
  to   space 1024K, 0% used [0x00000000d6700000,0x00000000d6700000,0x00000000d6800000)
 ParOldGen       total 111104K, used 110921K [0x0000000080000000, 0x0000000086c80000, 0x00000000d5580000)
  object space 111104K, 99% used [0x0000000080000000,0x0000000086c52400,0x0000000086c80000)
 Metaspace       used 64298K, committed 65792K, reserved 1114112K
  class space    used 7517K, committed 8192K, reserved 1048576K
}
Event: 4041.388 GC heap before
{Heap before GC invocations=103 (full 3):
 PSYoungGen      total 16384K, used 16375K [0x00000000d5580000, 0x00000000d6800000, 0x0000000100000000)
  eden space 15872K, 99% used [0x00000000d5580000,0x00000000d64ffb50,0x00000000d6500000)
  from space 512K, 98% used [0x00000000d6500000,0x00000000d657e470,0x00000000d6580000)
  to   space 1024K, 0% used [0x00000000d6700000,0x00000000d6700000,0x00000000d6800000)
 ParOldGen       total 111104K, used 110921K [0x0000000080000000, 0x0000000086c80000, 0x00000000d5580000)
  object space 111104K, 99% used [0x0000000080000000,0x0000000086c52400,0x0000000086c80000)
 Metaspace       used 66104K, committed 67712K, reserved 1114112K
  class space    used 7699K, committed 8384K, reserved 1048576K
}
Event: 4041.392 GC heap after
{Heap after GC invocations=103 (full 3):
 PSYoungGen      total 16896K, used 994K [0x00000000d5580000, 0x00000000d6900000, 0x0000000100000000)
  eden space 15872K, 0% used [0x00000000d5580000,0x00000000d5580000,0x00000000d6500000)
  from space 1024K, 97% used [0x00000000d6700000,0x00000000d67f8b18,0x00000000d6800000)
  to   space 2048K, 0% used [0x00000000d6500000,0x00000000d6500000,0x00000000d6700000)
 ParOldGen       total 111616K, used 111472K [0x0000000080000000, 0x0000000086d00000, 0x00000000d5580000)
  object space 111616K, 99% used [0x0000000080000000,0x0000000086cdc200,0x0000000086d00000)
 Metaspace       used 66104K, committed 67712K, reserved 1114112K
  class space    used 7699K, committed 8384K, reserved 1048576K
}
Event: 4042.244 GC heap before
{Heap before GC invocations=104 (full 3):
 PSYoungGen      total 16896K, used 16847K [0x00000000d5580000, 0x00000000d6900000, 0x0000000100000000)
  eden space 15872K, 99% used [0x00000000d5580000,0x00000000d64fb330,0x00000000d6500000)
  from space 1024K, 97% used [0x00000000d6700000,0x00000000d67f8b18,0x00000000d6800000)
  to   space 2048K, 0% used [0x00000000d6500000,0x00000000d6500000,0x00000000d6700000)
 ParOldGen       total 111616K, used 111472K [0x0000000080000000, 0x0000000086d00000, 0x00000000d5580000)
  object space 111616K, 99% used [0x0000000080000000,0x0000000086cdc200,0x0000000086d00000)
 Metaspace       used 66948K, committed 68544K, reserved 1114112K
  class space    used 7823K, committed 8512K, reserved 1048576K
}
Event: 4042.249 GC heap after
{Heap after GC invocations=104 (full 3):
 PSYoungGen      total 16896K, used 686K [0x00000000d5580000, 0x00000000d6780000, 0x0000000100000000)
  eden space 15872K, 0% used [0x00000000d5580000,0x00000000d5580000,0x00000000d6500000)
  from space 1024K, 67% used [0x00000000d6500000,0x00000000d65ab958,0x00000000d6600000)
  to   space 1024K, 0% used [0x00000000d6680000,0x00000000d6680000,0x00000000d6780000)
 ParOldGen       total 112640K, used 112320K [0x0000000080000000, 0x0000000086e00000, 0x00000000d5580000)
  object space 112640K, 99% used [0x0000000080000000,0x0000000086db02d0,0x0000000086e00000)
 Metaspace       used 66948K, committed 68544K, reserved 1114112K
  class space    used 7823K, committed 8512K, reserved 1048576K
}
Event: 4042.608 GC heap before
{Heap before GC invocations=105 (full 3):
 PSYoungGen      total 16896K, used 16548K [0x00000000d5580000, 0x00000000d6780000, 0x0000000100000000)
  eden space 15872K, 99% used [0x00000000d5580000,0x00000000d64fd780,0x00000000d6500000)
  from space 1024K, 67% used [0x00000000d6500000,0x00000000d65ab958,0x00000000d6600000)
  to   space 1024K, 0% used [0x00000000d6680000,0x00000000d6680000,0x00000000d6780000)
 ParOldGen       total 112640K, used 112320K [0x0000000080000000, 0x0000000086e00000, 0x00000000d5580000)
  object space 112640K, 99% used [0x0000000080000000,0x0000000086db02d0,0x0000000086e00000)
 Metaspace       used 67847K, committed 69376K, reserved 1114112K
  class space    used 7913K, committed 8576K, reserved 1048576K
}
Event: 4042.610 GC heap after
{Heap after GC invocations=105 (full 3):
 PSYoungGen      total 16384K, used 448K [0x00000000d5580000, 0x00000000d6700000, 0x0000000100000000)
  eden space 15872K, 0% used [0x00000000d5580000,0x00000000d5580000,0x00000000d6500000)
  from space 512K, 87% used [0x00000000d6680000,0x00000000d66f0000,0x00000000d6700000)
  to   space 1024K, 0% used [0x00000000d6500000,0x00000000d6500000,0x00000000d6600000)
 ParOldGen       total 113152K, used 112841K [0x0000000080000000, 0x0000000086e80000, 0x00000000d5580000)
  object space 113152K, 99% used [0x0000000080000000,0x0000000086e32648,0x0000000086e80000)
 Metaspace       used 67847K, committed 69376K, reserved 1114112K
  class space    used 7913K, committed 8576K, reserved 1048576K
}
Event: 4042.698 GC heap before
{Heap before GC invocations=106 (full 3):
 PSYoungGen      total 16384K, used 16320K [0x00000000d5580000, 0x00000000d6700000, 0x0000000100000000)
  eden space 15872K, 100% used [0x00000000d5580000,0x00000000d6500000,0x00000000d6500000)
  from space 512K, 87% used [0x00000000d6680000,0x00000000d66f0000,0x00000000d6700000)
  to   space 1024K, 0% used [0x00000000d6500000,0x00000000d6500000,0x00000000d6600000)
 ParOldGen       total 113152K, used 112841K [0x0000000080000000, 0x0000000086e80000, 0x00000000d5580000)
  object space 113152K, 99% used [0x0000000080000000,0x0000000086e32648,0x0000000086e80000)
 Metaspace       used 68162K, committed 69632K, reserved 1114112K
  class space    used 7935K, committed 8576K, reserved 1048576K
}
Event: 4042.702 GC heap after
{Heap after GC invocations=106 (full 3):
 PSYoungGen      total 16896K, used 1009K [0x00000000d5580000, 0x00000000d6a00000, 0x0000000100000000)
  eden space 15872K, 0% used [0x00000000d5580000,0x00000000d5580000,0x00000000d6500000)
  from space 1024K, 98% used [0x00000000d6500000,0x00000000d65fc4e0,0x00000000d6600000)
  to   space 2560K, 0% used [0x00000000d6780000,0x00000000d6780000,0x00000000d6a00000)
 ParOldGen       total 114176K, used 113696K [0x0000000080000000, 0x0000000086f80000, 0x00000000d5580000)
  object space 114176K, 99% used [0x0000000080000000,0x0000000086f082a8,0x0000000086f80000)
 Metaspace       used 68162K, committed 69632K, reserved 1114112K
  class space    used 7935K, committed 8576K, reserved 1048576K
}
Event: 4042.771 GC heap before
{Heap before GC invocations=107 (full 3):
 PSYoungGen      total 16896K, used 16863K [0x00000000d5580000, 0x00000000d6a00000, 0x0000000100000000)
  eden space 15872K, 99% used [0x00000000d5580000,0x00000000d64fb838,0x00000000d6500000)
  from space 1024K, 98% used [0x00000000d6500000,0x00000000d65fc4e0,0x00000000d6600000)
  to   space 2560K, 0% used [0x00000000d6780000,0x00000000d6780000,0x00000000d6a00000)
 ParOldGen       total 114176K, used 113696K [0x0000000080000000, 0x0000000086f80000, 0x00000000d5580000)
  object space 114176K, 99% used [0x0000000080000000,0x0000000086f082a8,0x0000000086f80000)
 Metaspace       used 68171K, committed 69632K, reserved 1114112K
  class space    used 7935K, committed 8576K, reserved 1048576K
}
Event: 4042.774 GC heap after
{Heap after GC invocations=107 (full 3):
 PSYoungGen      total 16896K, used 950K [0x00000000d5580000, 0x00000000d6880000, 0x0000000100000000)
  eden space 15872K, 0% used [0x00000000d5580000,0x00000000d5580000,0x00000000d6500000)
  from space 1024K, 92% used [0x00000000d6780000,0x00000000d686da18,0x00000000d6880000)
  to   space 1536K, 0% used [0x00000000d6580000,0x00000000d6580000,0x00000000d6700000)
 ParOldGen       total 114688K, used 114429K [0x0000000080000000, 0x0000000087000000, 0x00000000d5580000)
  object space 114688K, 99% used [0x0000000080000000,0x0000000086fbf420,0x0000000087000000)
 Metaspace       used 68171K, committed 69632K, reserved 1114112K
  class space    used 7935K, committed 8576K, reserved 1048576K
}
Event: 4042.936 GC heap before
{Heap before GC invocations=108 (full 3):
 PSYoungGen      total 16896K, used 16822K [0x00000000d5580000, 0x00000000d6880000, 0x0000000100000000)
  eden space 15872K, 100% used [0x00000000d5580000,0x00000000d6500000,0x00000000d6500000)
  from space 1024K, 92% used [0x00000000d6780000,0x00000000d686da18,0x00000000d6880000)
  to   space 1536K, 0% used [0x00000000d6580000,0x00000000d6580000,0x00000000d6700000)
 ParOldGen       total 114688K, used 114429K [0x0000000080000000, 0x0000000087000000, 0x00000000d5580000)
  object space 114688K, 99% used [0x0000000080000000,0x0000000086fbf420,0x0000000087000000)
 Metaspace       used 69808K, committed 71360K, reserved 1114112K
  class space    used 8082K, committed 8768K, reserved 1048576K
}
Event: 4042.937 GC heap after
{Heap after GC invocations=108 (full 3):
 PSYoungGen      total 17408K, used 480K [0x00000000d5580000, 0x00000000d6800000, 0x0000000100000000)
  eden space 15872K, 0% used [0x00000000d5580000,0x00000000d5580000,0x00000000d6500000)
  from space 1536K, 31% used [0x00000000d6580000,0x00000000d65f8000,0x00000000d6700000)
  to   space 1024K, 0% used [0x00000000d6700000,0x00000000d6700000,0x00000000d6800000)
 ParOldGen       total 114688K, used 114453K [0x0000000080000000, 0x0000000087000000, 0x00000000d5580000)
  object space 114688K, 99% used [0x0000000080000000,0x0000000086fc5420,0x0000000087000000)
 Metaspace       used 69808K, committed 71360K, reserved 1114112K
  class space    used 8082K, committed 8768K, reserved 1048576K
}
Event: 4046.176 GC heap before
{Heap before GC invocations=109 (full 3):
 PSYoungGen      total 17408K, used 16352K [0x00000000d5580000, 0x00000000d6800000, 0x0000000100000000)
  eden space 15872K, 100% used [0x00000000d5580000,0x00000000d6500000,0x00000000d6500000)
  from space 1536K, 31% used [0x00000000d6580000,0x00000000d65f8000,0x00000000d6700000)
  to   space 1024K, 0% used [0x00000000d6700000,0x00000000d6700000,0x00000000d6800000)
 ParOldGen       total 114688K, used 114453K [0x0000000080000000, 0x0000000087000000, 0x00000000d5580000)
  object space 114688K, 99% used [0x0000000080000000,0x0000000086fc5420,0x0000000087000000)
 Metaspace       used 70848K, committed 72384K, reserved 1114112K
  class space    used 8155K, committed 8832K, reserved 1048576K
}
Event: 4046.182 GC heap after
{Heap after GC invocations=109 (full 3):
 PSYoungGen      total 14336K, used 1002K [0x00000000d5580000, 0x00000000d6e00000, 0x0000000100000000)
  eden space 13312K, 0% used [0x00000000d5580000,0x00000000d5580000,0x00000000d6280000)
  from space 1024K, 97% used [0x00000000d6700000,0x00000000d67fa8f8,0x00000000d6800000)
  to   space 4608K, 0% used [0x00000000d6280000,0x00000000d6280000,0x00000000d6700000)
 ParOldGen       total 117248K, used 117130K [0x0000000080000000, 0x0000000087280000, 0x00000000d5580000)
  object space 117248K, 99% used [0x0000000080000000,0x0000000087262bd8,0x0000000087280000)
 Metaspace       used 70848K, committed 72384K, reserved 1114112K
  class space    used 8155K, committed 8832K, reserved 1048576K
}

