# JRE version: Java(TM) SE Runtime Environment (17.0.12+8) (build 17.0.12+8-LTS-286)
# Java VM: Java HotSpot(TM) 64-Bit Server VM (17.0.12+8-LTS-286, mixed mode, sharing, tiered, compressed oops, compressed class ptrs, g1 gc, windows-amd64)
GC Precious Log:
 CPUs: 8 total, 8 available
 Memory: 7932M
 Large Page Support: Disabled
 NUMA Support: Disabled
 Compressed Oops: Enabled (32-bit)
 Heap Region Size: 1M
 Heap Min Capacity: 8M
 Heap Initial Capacity: 124M
 Heap Max Capacity: 2G
 Pre-touch: Disabled
 Parallel Workers: 8
 Concurrent Workers: 2
 Concurrent Refinement Workers: 8
 Periodic GC: Disabled
Heap:
 garbage-first heap   total 132096K, used 85764K [0x0000000080000000, 0x0000000100000000)
  region size 1024K, 3 young (3072K), 3 survivors (3072K)
 Metaspace       used 72892K, committed 73984K, reserved 491520K
  class space    used 10475K, committed 11008K, reserved 425984K
GC Heap History (20 events):
Event: 22.033 GC heap after
{Heap after GC invocations=26 (full 0):
 garbage-first heap   total 109568K, used 63878K [0x0000000080000000, 0x0000000100000000)
  region size 1024K, 4 young (4096K), 4 survivors (4096K)
 Metaspace       used 65268K, committed 66176K, reserved 491520K
  class space    used 9360K, committed 9792K, reserved 425984K
}
Event: 22.059 GC heap before
{Heap before GC invocations=26 (full 0):
 garbage-first heap   total 109568K, used 64902K [0x0000000080000000, 0x0000000100000000)
  region size 1024K, 5 young (5120K), 4 survivors (4096K)
 Metaspace       used 65275K, committed 66176K, reserved 491520K
  class space    used 9360K, committed 9792K, reserved 425984K
}
Event: 22.063 GC heap after
{Heap after GC invocations=27 (full 0):
 garbage-first heap   total 132096K, used 63280K [0x0000000080000000, 0x0000000100000000)
  region size 1024K, 1 young (1024K), 1 survivors (1024K)
 Metaspace       used 65275K, committed 66176K, reserved 491520K
  class space    used 9360K, committed 9792K, reserved 425984K
}
Event: 23.514 GC heap before
{Heap before GC invocations=27 (full 0):
 garbage-first heap   total 132096K, used 106288K [0x0000000080000000, 0x0000000100000000)
  region size 1024K, 44 young (45056K), 1 survivors (1024K)
 Metaspace       used 68729K, committed 69632K, reserved 491520K
  class space    used 9933K, committed 10368K, reserved 425984K
}
Event: 23.522 GC heap after
{Heap after GC invocations=28 (full 0):
 garbage-first heap   total 132096K, used 66415K [0x0000000080000000, 0x0000000100000000)
  region size 1024K, 4 young (4096K), 4 survivors (4096K)
 Metaspace       used 68729K, committed 69632K, reserved 491520K
  class space    used 9933K, committed 10368K, reserved 425984K
}
Event: 25.748 GC heap before
{Heap before GC invocations=29 (full 0):
 garbage-first heap   total 132096K, used 106351K [0x0000000080000000, 0x0000000100000000)
  region size 1024K, 44 young (45056K), 4 survivors (4096K)
 Metaspace       used 70808K, committed 71744K, reserved 491520K
  class space    used 10283K, committed 10688K, reserved 425984K
}
Event: 25.757 GC heap after
{Heap after GC invocations=30 (full 0):
 garbage-first heap   total 132096K, used 71539K [0x0000000080000000, 0x0000000100000000)
  region size 1024K, 6 young (6144K), 6 survivors (6144K)
 Metaspace       used 70808K, committed 71744K, reserved 491520K
  class space    used 10283K, committed 10688K, reserved 425984K
}
Event: 25.772 GC heap before
{Heap before GC invocations=30 (full 0):
 garbage-first heap   total 132096K, used 72563K [0x0000000080000000, 0x0000000100000000)
  region size 1024K, 7 young (7168K), 6 survivors (6144K)
 Metaspace       used 70815K, committed 71744K, reserved 491520K
  class space    used 10283K, committed 10688K, reserved 425984K
}
Event: 25.779 GC heap after
{Heap after GC invocations=31 (full 0):
 garbage-first heap   total 132096K, used 71858K [0x0000000080000000, 0x0000000100000000)
  region size 1024K, 1 young (1024K), 1 survivors (1024K)
 Metaspace       used 70815K, committed 71744K, reserved 491520K
  class space    used 10283K, committed 10688K, reserved 425984K
}
Event: 27.929 GC heap before
{Heap before GC invocations=31 (full 0):
 garbage-first heap   total 132096K, used 106674K [0x0000000080000000, 0x0000000100000000)
  region size 1024K, 35 young (35840K), 1 survivors (1024K)
 Metaspace       used 72305K, committed 73408K, reserved 491520K
  class space    used 10469K, committed 11008K, reserved 425984K
}
Event: 27.935 GC heap after
{Heap after GC invocations=32 (full 0):
 garbage-first heap   total 132096K, used 78083K [0x0000000080000000, 0x0000000100000000)
  region size 1024K, 5 young (5120K), 5 survivors (5120K)
 Metaspace       used 72305K, committed 73408K, reserved 491520K
  class space    used 10469K, committed 11008K, reserved 425984K
}
Event: 29.737 GC heap before
{Heap before GC invocations=32 (full 0):
 garbage-first heap   total 132096K, used 105731K [0x0000000080000000, 0x0000000100000000)
  region size 1024K, 32 young (32768K), 5 survivors (5120K)
 Metaspace       used 72818K, committed 73920K, reserved 491520K
  class space    used 10475K, committed 11008K, reserved 425984K
}
Event: 29.750 GC heap after
{Heap after GC invocations=33 (full 0):
 garbage-first heap   total 132096K, used 82160K [0x0000000080000000, 0x0000000100000000)
  region size 1024K, 4 young (4096K), 4 survivors (4096K)
 Metaspace       used 72818K, committed 73920K, reserved 491520K
  class space    used 10475K, committed 11008K, reserved 425984K
}
Event: 30.138 GC heap before
{Heap before GC invocations=33 (full 0):
 garbage-first heap   total 132096K, used 105712K [0x0000000080000000, 0x0000000100000000)
  region size 1024K, 28 young (28672K), 4 survivors (4096K)
 Metaspace       used 72860K, committed 73920K, reserved 491520K
  class space    used 10475K, committed 11008K, reserved 425984K
}
Event: 30.144 GC heap after
{Heap after GC invocations=34 (full 0):
 garbage-first heap   total 132096K, used 83538K [0x0000000080000000, 0x0000000100000000)
  region size 1024K, 3 young (3072K), 3 survivors (3072K)
 Metaspace       used 72860K, committed 73920K, reserved 491520K
  class space    used 10475K, committed 11008K, reserved 425984K
}
Event: 31.689 GC heap before
{Heap before GC invocations=34 (full 0):
 garbage-first heap   total 132096K, used 108114K [0x0000000080000000, 0x0000000100000000)
  region size 1024K, 27 young (27648K), 3 survivors (3072K)
 Metaspace       used 72886K, committed 73984K, reserved 491520K
  class space    used 10475K, committed 11008K, reserved 425984K
}
Event: 31.693 GC heap after
{Heap after GC invocations=35 (full 0):
 garbage-first heap   total 132096K, used 84263K [0x0000000080000000, 0x0000000100000000)
  region size 1024K, 3 young (3072K), 3 survivors (3072K)
 Metaspace       used 72886K, committed 73984K, reserved 491520K
  class space    used 10475K, committed 11008K, reserved 425984K
}
Event: 31.984 GC heap before
{Heap before GC invocations=35 (full 0):
 garbage-first heap   total 132096K, used 106791K [0x0000000080000000, 0x0000000100000000)
  region size 1024K, 26 young (26624K), 3 survivors (3072K)
 Metaspace       used 72889K, committed 73984K, reserved 491520K
  class space    used 10475K, committed 11008K, reserved 425984K
}
Event: 31.987 GC heap after
{Heap after GC invocations=36 (full 0):
 garbage-first heap   total 132096K, used 85047K [0x0000000080000000, 0x0000000100000000)
  region size 1024K, 3 young (3072K), 3 survivors (3072K)
 Metaspace       used 72889K, committed 73984K, reserved 491520K
  class space    used 10475K, committed 11008K, reserved 425984K
}
Event: 32.173 GC heap before
{Heap before GC invocations=36 (full 0):
 garbage-first heap   total 132096K, used 107575K [0x0000000080000000, 0x0000000100000000)
  region size 1024K, 26 young (26624K), 3 survivors (3072K)
 Metaspace       used 72892K, committed 73984K, reserved 491520K
  class space    used 10475K, committed 11008K, reserved 425984K
}

