# JRE version: Java(TM) SE Runtime Environment (17.0.12+8) (build 17.0.12+8-LTS-286)
# Java VM: Java HotSpot(TM) 64-Bit Server VM (17.0.12+8-LTS-286, mixed mode, sharing, tiered, compressed oops, compressed class ptrs, g1 gc, windows-amd64)
GC Precious Log:
 CPUs: 8 total, 8 available
 Memory: 7932M
 Large Page Support: Disabled
 NUMA Support: Disabled
 Compressed Oops: Enabled (32-bit)
 Heap Region Size: 1M
 Heap Min Capacity: 8M
 Heap Initial Capacity: 124M
 Heap Max Capacity: 2G
 Pre-touch: Disabled
 Parallel Workers: 8
 Concurrent Workers: 2
 Concurrent Refinement Workers: 8
 Periodic GC: Disabled
Heap:
 garbage-first heap   total 109568K, used 73785K [0x0000000080000000, 0x0000000100000000)
  region size 1024K, 23 young (23552K), 3 survivors (3072K)
 Metaspace       used 59920K, committed 60736K, reserved 491520K
  class space    used 8630K, committed 9024K, reserved 425984K
GC Heap History (20 events):
Event: 9.293 GC heap before
{Heap before GC invocations=7 (full 0):
 garbage-first heap   total 86016K, used 25808K [0x0000000080000000, 0x0000000100000000)
  region size 1024K, 5 young (5120K), 4 survivors (4096K)
 Metaspace       used 26952K, committed 27264K, reserved 491520K
  class space    used 3839K, committed 3968K, reserved 425984K
}
Event: 9.297 GC heap after
{Heap after GC invocations=8 (full 0):
 garbage-first heap   total 86016K, used 25162K [0x0000000080000000, 0x0000000100000000)
  region size 1024K, 1 young (1024K), 1 survivors (1024K)
 Metaspace       used 26952K, committed 27264K, reserved 491520K
  class space    used 3839K, committed 3968K, reserved 425984K
}
Event: 10.482 GC heap before
{Heap before GC invocations=8 (full 0):
 garbage-first heap   total 86016K, used 63050K [0x0000000080000000, 0x0000000100000000)
  region size 1024K, 39 young (39936K), 1 survivors (1024K)
 Metaspace       used 33027K, committed 33408K, reserved 491520K
  class space    used 4616K, committed 4800K, reserved 425984K
}
Event: 10.486 GC heap after
{Heap after GC invocations=9 (full 0):
 garbage-first heap   total 122880K, used 27893K [0x0000000080000000, 0x0000000100000000)
  region size 1024K, 4 young (4096K), 4 survivors (4096K)
 Metaspace       used 33027K, committed 33408K, reserved 491520K
  class space    used 4616K, committed 4800K, reserved 425984K
}
Event: 11.457 GC heap before
{Heap before GC invocations=9 (full 0):
 garbage-first heap   total 122880K, used 51445K [0x0000000080000000, 0x0000000100000000)
  region size 1024K, 28 young (28672K), 4 survivors (4096K)
 Metaspace       used 35575K, committed 36096K, reserved 491520K
  class space    used 5018K, committed 5248K, reserved 425984K
}
Event: 11.465 GC heap after
{Heap after GC invocations=10 (full 0):
 garbage-first heap   total 122880K, used 30073K [0x0000000080000000, 0x0000000100000000)
  region size 1024K, 6 young (6144K), 6 survivors (6144K)
 Metaspace       used 35575K, committed 36096K, reserved 491520K
  class space    used 5018K, committed 5248K, reserved 425984K
}
Event: 12.617 GC heap before
{Heap before GC invocations=11 (full 0):
 garbage-first heap   total 109568K, used 89465K [0x0000000080000000, 0x0000000100000000)
  region size 1024K, 64 young (65536K), 6 survivors (6144K)
 Metaspace       used 38459K, committed 39040K, reserved 491520K
  class space    used 5501K, committed 5760K, reserved 425984K
}
Event: 12.627 GC heap after
{Heap after GC invocations=12 (full 0):
 garbage-first heap   total 109568K, used 32399K [0x0000000080000000, 0x0000000100000000)
  region size 1024K, 5 young (5120K), 5 survivors (5120K)
 Metaspace       used 38459K, committed 39040K, reserved 491520K
  class space    used 5501K, committed 5760K, reserved 425984K
}
Event: 13.899 GC heap before
{Heap before GC invocations=12 (full 0):
 garbage-first heap   total 109568K, used 81551K [0x0000000080000000, 0x0000000100000000)
  region size 1024K, 53 young (54272K), 5 survivors (5120K)
 Metaspace       used 43201K, committed 43968K, reserved 491520K
  class space    used 6238K, committed 6592K, reserved 425984K
}
Event: 13.906 GC heap after
{Heap after GC invocations=13 (full 0):
 garbage-first heap   total 109568K, used 35652K [0x0000000080000000, 0x0000000100000000)
  region size 1024K, 6 young (6144K), 6 survivors (6144K)
 Metaspace       used 43201K, committed 43968K, reserved 491520K
  class space    used 6238K, committed 6592K, reserved 425984K
}
Event: 15.473 GC heap before
{Heap before GC invocations=13 (full 0):
 garbage-first heap   total 109568K, used 81732K [0x0000000080000000, 0x0000000100000000)
  region size 1024K, 52 young (53248K), 6 survivors (6144K)
 Metaspace       used 48510K, committed 49216K, reserved 491520K
  class space    used 7002K, committed 7360K, reserved 425984K
}
Event: 15.481 GC heap after
{Heap after GC invocations=14 (full 0):
 garbage-first heap   total 109568K, used 37934K [0x0000000080000000, 0x0000000100000000)
  region size 1024K, 6 young (6144K), 6 survivors (6144K)
 Metaspace       used 48510K, committed 49216K, reserved 491520K
  class space    used 7002K, committed 7360K, reserved 425984K
}
Event: 18.065 GC heap before
{Heap before GC invocations=14 (full 0):
 garbage-first heap   total 109568K, used 84014K [0x0000000080000000, 0x0000000100000000)
  region size 1024K, 51 young (52224K), 6 survivors (6144K)
 Metaspace       used 50803K, committed 51520K, reserved 491520K
  class space    used 7299K, committed 7616K, reserved 425984K
}
Event: 18.073 GC heap after
{Heap after GC invocations=15 (full 0):
 garbage-first heap   total 109568K, used 41787K [0x0000000080000000, 0x0000000100000000)
  region size 1024K, 7 young (7168K), 7 survivors (7168K)
 Metaspace       used 50803K, committed 51520K, reserved 491520K
  class space    used 7299K, committed 7616K, reserved 425984K
}
Event: 18.985 GC heap before
{Heap before GC invocations=15 (full 0):
 garbage-first heap   total 109568K, used 89915K [0x0000000080000000, 0x0000000100000000)
  region size 1024K, 48 young (49152K), 7 survivors (7168K)
 Metaspace       used 53315K, committed 54144K, reserved 491520K
  class space    used 7621K, committed 8000K, reserved 425984K
}
Event: 18.992 GC heap after
{Heap after GC invocations=16 (full 0):
 garbage-first heap   total 109568K, used 51597K [0x0000000080000000, 0x0000000100000000)
  region size 1024K, 6 young (6144K), 6 survivors (6144K)
 Metaspace       used 53315K, committed 54144K, reserved 491520K
  class space    used 7621K, committed 8000K, reserved 425984K
}
Event: 19.696 GC heap before
{Heap before GC invocations=16 (full 0):
 garbage-first heap   total 109568K, used 84365K [0x0000000080000000, 0x0000000100000000)
  region size 1024K, 38 young (38912K), 6 survivors (6144K)
 Metaspace       used 56190K, committed 56960K, reserved 491520K
  class space    used 8017K, committed 8384K, reserved 425984K
}
Event: 19.702 GC heap after
{Heap after GC invocations=17 (full 0):
 garbage-first heap   total 109568K, used 53665K [0x0000000080000000, 0x0000000100000000)
  region size 1024K, 3 young (3072K), 3 survivors (3072K)
 Metaspace       used 56190K, committed 56960K, reserved 491520K
  class space    used 8017K, committed 8384K, reserved 425984K
}
Event: 20.373 GC heap before
{Heap before GC invocations=17 (full 0):
 garbage-first heap   total 109568K, used 85409K [0x0000000080000000, 0x0000000100000000)
  region size 1024K, 34 young (34816K), 3 survivors (3072K)
 Metaspace       used 58613K, committed 59392K, reserved 491520K
  class space    used 8386K, committed 8768K, reserved 425984K
}
Event: 20.378 GC heap after
{Heap after GC invocations=18 (full 0):
 garbage-first heap   total 109568K, used 54329K [0x0000000080000000, 0x0000000100000000)
  region size 1024K, 3 young (3072K), 3 survivors (3072K)
 Metaspace       used 58613K, committed 59392K, reserved 491520K
  class space    used 8386K, committed 8768K, reserved 425984K
}

